2025-04-15 17:13:56 - [32minfo[39m: Creating configuration file...
2025-04-15 17:13:56 - [32minfo[39m: Adding new script(s) in package.json...
2025-04-15 17:13:56 - [32minfo[39m: Setup completed
2025-04-15 17:18:51 - [32minfo[39m: Running SDK with args F:\nodejs\node.exe F:\gitfiles\githowto\homework21-KyryloAleksandrov\Browserstack\node_modules\browserstack-node-sdk\src\bin\runner.js playwright test
2025-04-15 17:18:51 - [32minfo[39m: Reading configs from F:\gitfiles\githowto\homework21-KyryloAleksandrov\Browserstack\browserstack.yml
2025-04-15 17:18:51 - [32minfo[39m: SDK run started with id: 2851b73f-1aaf-4533-a91b-85a433fcbfbf
2025-04-15 17:18:51 - [32minfo[39m: Project and debug logs are captured by default. To disable, set disableAutoCaptureLogs: true in config.
2025-04-15 17:19:21 - [31merror[39m: Error: LocalError: [Tue, 15 Apr 2025 15:19:20 GMT] Failed to connect to BrowserStackLocal pipe \\.\pipe\browserstack\15_Apr_1718_DESKTOP-V4H0B1A_2xwddaemonInstance. CPU usage: 2.69, memory usage: 68.77 Trace -- Error: connect ENOENT \\.\pipe\browserstack\15_Apr_1718_DESKTOP-V4H0B1A_2xwddaemonInstance
    at BrowserStackSetup.setupBrowserstackLocal (F:\gitfiles\githowto\homework21-KyryloAleksandrov\Browserstack\node_modules\browserstack-node-sdk\src\helpers\BrowserStackSetup.js:1:17177)
    at process.processTicksAndRejections (node:internal/process/task_queues:105:5)
    at async BrowserStackSetup.initialize (F:\gitfiles\githowto\homework21-KyryloAleksandrov\Browserstack\node_modules\browserstack-node-sdk\src\helpers\BrowserStackSetup.js:1:14522)
    at async F:\gitfiles\githowto\homework21-KyryloAleksandrov\Browserstack\node_modules\browserstack-node-sdk\src\bin\playwright\command.js:2:8492
2025-04-15 17:22:57 - [32minfo[39m: Running SDK with args F:\nodejs\node.exe F:\gitfiles\githowto\homework21-KyryloAleksandrov\Browserstack\node_modules\browserstack-node-sdk\src\bin\runner.js playwright test
2025-04-15 17:22:57 - [32minfo[39m: Reading configs from F:\gitfiles\githowto\homework21-KyryloAleksandrov\Browserstack\browserstack.yml
2025-04-15 17:22:57 - [32minfo[39m: SDK run started with id: 3483b94c-4e89-43d2-bfbe-ba38d8f99ec2
2025-04-15 17:22:57 - [32minfo[39m: Project and debug logs are captured by default. To disable, set disableAutoCaptureLogs: true in config.
2025-04-15 17:23:00 - [31merror[39m: Error: LocalError: You provided an invalid key
    at BrowserStackSetup.setupBrowserstackLocal (F:\gitfiles\githowto\homework21-KyryloAleksandrov\Browserstack\node_modules\browserstack-node-sdk\src\helpers\BrowserStackSetup.js:1:17177)
    at process.processTicksAndRejections (node:internal/process/task_queues:105:5)
    at async BrowserStackSetup.initialize (F:\gitfiles\githowto\homework21-KyryloAleksandrov\Browserstack\node_modules\browserstack-node-sdk\src\helpers\BrowserStackSetup.js:1:14522)
    at async F:\gitfiles\githowto\homework21-KyryloAleksandrov\Browserstack\node_modules\browserstack-node-sdk\src\bin\playwright\command.js:2:8492
2025-04-15 17:24:09 - [32minfo[39m: Running SDK with args F:\nodejs\node.exe F:\gitfiles\githowto\homework21-KyryloAleksandrov\Browserstack\node_modules\browserstack-node-sdk\src\bin\runner.js playwright test
2025-04-15 17:24:09 - [32minfo[39m: Reading configs from F:\gitfiles\githowto\homework21-KyryloAleksandrov\Browserstack\browserstack.yml
2025-04-15 17:24:09 - [32minfo[39m: SDK run started with id: 22ee7d38-40b9-40ac-9f1a-a8ebbdf79a0b
2025-04-15 17:24:09 - [32minfo[39m: Project and debug logs are captured by default. To disable, set disableAutoCaptureLogs: true in config.
2025-04-15 17:24:35 - [31merror[39m: Error: LocalError: [Tue, 15 Apr 2025 15:24:35 GMT] Failed to connect to BrowserStackLocal pipe \\.\pipe\browserstack\15_Apr_1724_DESKTOP-V4H0B1A_grh8daemonInstance. CPU usage: 5.8, memory usage: 70.31 Trace -- Error: connect ENOENT \\.\pipe\browserstack\15_Apr_1724_DESKTOP-V4H0B1A_grh8daemonInstance
    at BrowserStackSetup.setupBrowserstackLocal (F:\gitfiles\githowto\homework21-KyryloAleksandrov\Browserstack\node_modules\browserstack-node-sdk\src\helpers\BrowserStackSetup.js:1:17177)
    at process.processTicksAndRejections (node:internal/process/task_queues:105:5)
    at async BrowserStackSetup.initialize (F:\gitfiles\githowto\homework21-KyryloAleksandrov\Browserstack\node_modules\browserstack-node-sdk\src\helpers\BrowserStackSetup.js:1:14522)
    at async F:\gitfiles\githowto\homework21-KyryloAleksandrov\Browserstack\node_modules\browserstack-node-sdk\src\bin\playwright\command.js:2:8492
2025-04-15 17:25:37 - [32minfo[39m: Running SDK with args F:\nodejs\node.exe F:\gitfiles\githowto\homework21-KyryloAleksandrov\Browserstack\node_modules\browserstack-node-sdk\src\bin\runner.js playwright test
2025-04-15 17:25:37 - [32minfo[39m: Reading configs from F:\gitfiles\githowto\homework21-KyryloAleksandrov\Browserstack\browserstack.yml
2025-04-15 17:25:37 - [32minfo[39m: SDK run started with id: 60ac2c46-e564-4797-b46b-12241cd5f72c
2025-04-15 17:25:37 - [32minfo[39m: Project and debug logs are captured by default. To disable, set disableAutoCaptureLogs: true in config.
2025-04-15 17:25:39 - [31merror[39m: Access to BrowserStack denied due to incorrect credentials.
2025-04-15 17:27:34 - [32minfo[39m: Shutdown triggered by SIGINT
2025-04-15 17:27:45 - [31merror[39m: Error while getting build link. Error: HTTP Basic: Access denied.

2025-04-15 17:27:45 - [32minfo[39m: SDK run ended for id: 60ac2c46-e564-4797-b46b-12241cd5f72c, testhub id: undefined
2025-04-15 17:27:45 - [32minfo[39m: Deleting F:\gitfiles\githowto\homework21-KyryloAleksandrov\Browserstack\playwright-browserstack-sdk.config.ts
2025-04-15 17:28:12 - [32minfo[39m: Running SDK with args F:\nodejs\node.exe F:\gitfiles\githowto\homework21-KyryloAleksandrov\Browserstack\node_modules\browserstack-node-sdk\src\bin\runner.js playwright test
2025-04-15 17:28:12 - [32minfo[39m: Reading configs from F:\gitfiles\githowto\homework21-KyryloAleksandrov\Browserstack\browserstack.yml
2025-04-15 17:28:12 - [32minfo[39m: SDK run started with id: 9d256861-7e1b-4be2-8e23-63ca11c651f2
2025-04-15 17:28:12 - [32minfo[39m: Project and debug logs are captured by default. To disable, set disableAutoCaptureLogs: true in config.
2025-04-15 17:28:13 - [31merror[39m: Access to BrowserStack denied due to incorrect credentials.
2025-04-15 17:28:25 - [32minfo[39m: Shutdown triggered by SIGINT
2025-04-15 17:31:00 - [32minfo[39m: Shutdown triggered by SIGHUP
2025-04-15 17:31:01 - [31merror[39m: Error while getting build link. Error: HTTP Basic: Access denied.

2025-04-15 17:31:01 - [32minfo[39m: SDK run ended for id: 9d256861-7e1b-4be2-8e23-63ca11c651f2, testhub id: undefined
2025-04-15 17:31:01 - [32minfo[39m: Deleting F:\gitfiles\githowto\homework21-KyryloAleksandrov\Browserstack\playwright-browserstack-sdk.config.ts
2025-04-15 17:31:22 - [32minfo[39m: Running SDK with args F:\nodejs\node.exe F:\gitfiles\githowto\homework21-KyryloAleksandrov\Browserstack\node_modules\browserstack-node-sdk\src\bin\runner.js playwright test
2025-04-15 17:31:22 - [32minfo[39m: Reading configs from F:\gitfiles\githowto\homework21-KyryloAleksandrov\Browserstack\browserstack.yml
2025-04-15 17:31:23 - [32minfo[39m: SDK run started with id: 6f64e4a2-c9c5-40b1-ad90-ccd08189aa0e
2025-04-15 17:31:23 - [32minfo[39m: Project and debug logs are captured by default. To disable, set disableAutoCaptureLogs: true in config.
2025-04-15 17:31:24 - [32minfo[39m: Testhub started with id: vqdooozopf78quwe9txhg87cr91h9v3h8b66r2i8
2025-04-15 17:34:30 - [32minfo[39m: Shutdown triggered by SIGINT
2025-04-15 17:35:22 - [32minfo[39m: Visit https://observability.browserstack.com/builds/vqdooozopf78quwe9txhg87cr91h9v3h8b66r2i8 to view build report, insights, and many more debugging information all at one place!

2025-04-15 17:35:22 - [32minfo[39m: View build on BrowserStack dashboard: https://automate.browserstack.com/dashboard/v2/builds/b9d3a563d83549c3e5ad05ab906c71a43f102adb
2025-04-15 17:35:23 - [32minfo[39m: SDK run ended for id: 6f64e4a2-c9c5-40b1-ad90-ccd08189aa0e, testhub id: vqdooozopf78quwe9txhg87cr91h9v3h8b66r2i8
2025-04-15 17:35:24 - [32minfo[39m: Deleting F:\gitfiles\githowto\homework21-KyryloAleksandrov\Browserstack\playwright-browserstack-sdk.config.ts
